{
  "RSpec": {
    "coverage": {
      "/Users/markmiranda/Personal/rails_projects/version_10/app/models/user.rb": [
        1,
        null,
        null,
        1,
        1,
        null,
        null
      ],
      "/Users/markmiranda/Personal/rails_projects/version_10/app/models/application_record.rb": [
        1,
        1,
        null
      ],
      "/Users/markmiranda/Personal/rails_projects/version_10/app/helpers/application_helper.rb": [
        1,
        null
      ],
      "/Users/markmiranda/Personal/rails_projects/version_10/app/controllers/application_controller.rb": [
        0,
        0
      ]
    },
    "timestamp": 1529605125
  }
}
